#
# There is insufficient memory for the Java Runtime Environment to continue.
# Native memory allocation (malloc) failed to allocate 1886096 bytes for Chunk::new
# Possible reasons:
#   The system is out of physical RAM or swap space
#   The process is running with CompressedOops enabled, and the Java Heap may be blocking the growth of the native heap
# Possible solutions:
#   Reduce memory load on the system
#   Increase physical memory or swap space
#   Check if swap backing store is full
#   Decrease Java heap size (-Xmx/-Xms)
#   Decrease number of Java threads
#   Decrease Java thread stack sizes (-Xss)
#   Set larger code cache with -XX:ReservedCodeCacheSize=
#   JVM is running with Unscaled Compressed Oops mode in which the Java heap is
#     placed in the first 4GB address space. The Java Heap base address is the
#     maximum limit for the native heap growth. Please use -XX:HeapBaseMinAddress
#     to set the Java Heap base and to place the Java Heap above 4GB virtual address.
# This output file may be truncated or incomplete.
#
#  Out of Memory Error (allocation.cpp:389), pid=11260, tid=0x00000000000034c0
#
# JRE version: OpenJDK Runtime Environment (8.0_242-b01) (build 1.8.0_242-release-1644-b01)
# Java VM: OpenJDK 64-Bit Server VM (25.242-b01 mixed mode windows-amd64 compressed oops)
# Failed to write core dump. Minidumps are not enabled by default on client versions of Windows
#

---------------  T H R E A D  ---------------

Current thread (0x000000001a330800):  JavaThread "C2 CompilerThread1" daemon [_thread_in_native, id=13504, stack(0x000000001ac60000,0x000000001ad60000)]

Stack: [0x000000001ac60000,0x000000001ad60000]
[error occurred during error reporting (printing stack bounds), id 0xc0000005]

Native frames: (J=compiled Java code, j=interpreted, Vv=VM code, C=native code)


Current CompileTask:
C2: 953070 16041 %     4       com.android.tools.r8.B.a.a.f::a @ 2576 (6062 bytes)


---------------  P R O C E S S  ---------------

Java Threads: ( => current thread )
  0x0000000023bb8000 JavaThread "ForkJoinPool.commonPool-worker-7" daemon [_thread_blocked, id=11652, stack(0x0000000031480000,0x0000000031580000)]
  0x0000000023bb7000 JavaThread "ForkJoinPool.commonPool-worker-6" daemon [_thread_blocked, id=14548, stack(0x0000000031380000,0x0000000031480000)]
  0x0000000023bb5800 JavaThread "ForkJoinPool.commonPool-worker-5" daemon [_thread_blocked, id=11876, stack(0x0000000031280000,0x0000000031380000)]
  0x0000000023baf800 JavaThread "ForkJoinPool.commonPool-worker-4" daemon [_thread_blocked, id=11196, stack(0x0000000031180000,0x0000000031280000)]
  0x0000000023bb3800 JavaThread "ForkJoinPool.commonPool-worker-3" daemon [_thread_blocked, id=13316, stack(0x0000000031080000,0x0000000031180000)]
  0x0000000023bb5000 JavaThread "ForkJoinPool.commonPool-worker-2" daemon [_thread_blocked, id=15368, stack(0x0000000030f80000,0x0000000031080000)]
  0x0000000023bb4000 JavaThread "ForkJoinPool.commonPool-worker-1" daemon [_thread_blocked, id=15020, stack(0x000000002e600000,0x000000002e700000)]
  0x0000000023baf000 JavaThread "Cache worker for Java compile cache (C:\Users\31760\AndroidStudioProjects\BigBlackBox\.gradle\6.1.1\javaCompile)" [_thread_blocked, id=17248, stack(0x000000002c250000,0x000000002c350000)]
  0x0000000023bb2800 JavaThread "Cache worker for Java compile cache (C:\Users\31760\.gradle\caches\6.1.1\javaCompile)" [_thread_blocked, id=16372, stack(0x000000002d090000,0x000000002d190000)]
  0x0000000023bac800 JavaThread "stdout" [_thread_in_native, id=10956, stack(0x000000002c9d0000,0x000000002cad0000)]
  0x0000000023bb1000 JavaThread "stderr" [_thread_in_native, id=13388, stack(0x000000002c8d0000,0x000000002c9d0000)]
  0x0000000023bac000 JavaThread "stdout" [_thread_in_native, id=9124, stack(0x000000002c7d0000,0x000000002c8d0000)]
  0x0000000023bab000 JavaThread "stderr" [_thread_in_native, id=4032, stack(0x000000002c6d0000,0x000000002c7d0000)]
  0x0000000023bad800 JavaThread "stdout" [_thread_in_native, id=12016, stack(0x000000002c5d0000,0x000000002c6d0000)]
  0x0000000023bb2000 JavaThread "stderr" [_thread_in_native, id=16940, stack(0x000000002c4d0000,0x000000002c5d0000)]
  0x0000000023bae000 JavaThread "stdout" [_thread_in_native, id=9368, stack(0x000000002c3d0000,0x000000002c4d0000)]
  0x00000000255fe800 JavaThread "stderr" [_thread_in_native, id=15940, stack(0x000000002bfe0000,0x000000002c0e0000)]
  0x00000000254fd800 JavaThread "stdout" [_thread_in_native, id=9448, stack(0x000000002c150000,0x000000002c250000)]
  0x0000000025504800 JavaThread "stderr" [_thread_in_native, id=11924, stack(0x000000002bab0000,0x000000002bbb0000)]
  0x0000000025503800 JavaThread "stdout" [_thread_in_native, id=9560, stack(0x000000002bee0000,0x000000002bfe0000)]
  0x0000000025500000 JavaThread "stderr" [_thread_in_native, id=14604, stack(0x000000002bde0000,0x000000002bee0000)]
  0x00000000254fe800 JavaThread "stdout" [_thread_in_native, id=12352, stack(0x000000002bce0000,0x000000002bde0000)]
  0x0000000025500800 JavaThread "stderr" [_thread_in_native, id=14456, stack(0x000000002bbe0000,0x000000002bce0000)]
  0x00000000254ff000 JavaThread "stdout" [_thread_in_native, id=8764, stack(0x000000002b9b0000,0x000000002bab0000)]
  0x0000000025501800 JavaThread "stderr" [_thread_in_native, id=2876, stack(0x000000002b8b0000,0x000000002b9b0000)]
  0x00000000254fd000 JavaThread "pool-5-thread-1" [_thread_blocked, id=3648, stack(0x000000002b540000,0x000000002b640000)]
  0x0000000025503000 JavaThread "MarlinRenderer Disposer" daemon [_thread_blocked, id=13596, stack(0x000000002b440000,0x000000002b540000)]
  0x00000000254f6000 JavaThread "Java2D Disposer" daemon [_thread_blocked, id=8196, stack(0x000000002b340000,0x000000002b440000)]
  0x00000000254f5800 JavaThread "WorkerExecutor Queue Thread 8" [_thread_blocked, id=13144, stack(0x000000002ad40000,0x000000002ae40000)]
  0x00000000254f8800 JavaThread "WorkerExecutor Queue Thread 7" [_thread_in_native, id=15624, stack(0x000000002ac40000,0x000000002ad40000)]
  0x00000000254fb800 JavaThread "WorkerExecutor Queue Thread 6" [_thread_blocked, id=12988, stack(0x000000002ab40000,0x000000002ac40000)]
  0x00000000254fa800 JavaThread "WorkerExecutor Queue Thread 5" [_thread_blocked, id=17036, stack(0x000000002aa40000,0x000000002ab40000)]
  0x00000000254fa000 JavaThread "WorkerExecutor Queue Thread 4" [_thread_blocked, id=16104, stack(0x000000002a940000,0x000000002aa40000)]
  0x00000000254f9000 JavaThread "WorkerExecutor Queue Thread 3" [_thread_blocked, id=16560, stack(0x000000002a840000,0x000000002a940000)]
  0x00000000254f7800 JavaThread "WorkerExecutor Queue Thread 2" [_thread_blocked, id=7876, stack(0x000000002a740000,0x000000002a840000)]
  0x00000000255f4000 JavaThread "WorkerExecutor Queue" [_thread_blocked, id=15508, stack(0x000000002a640000,0x000000002a740000)]
  0x00000000255fa000 JavaThread "Cache worker for execution history cache (C:\Users\31760\AndroidStudioProjects\BigBlackBox\.gradle\6.1.1\executionHistory)" [_thread_blocked, id=16068, stack(0x000000002a340000,0x000000002a440000)]
  0x00000000255f8800 JavaThread "Execution worker for ':' Thread 7" [_thread_in_Java, id=16432, stack(0x000000002a240000,0x000000002a340000)]
  0x00000000255f5800 JavaThread "Execution worker for ':' Thread 6" [_thread_blocked, id=6664, stack(0x000000002a140000,0x000000002a240000)]
  0x00000000255fa800 JavaThread "Execution worker for ':' Thread 5" [_thread_blocked, id=4104, stack(0x000000002a040000,0x000000002a140000)]
  0x00000000255f7800 JavaThread "Execution worker for ':' Thread 4" [_thread_blocked, id=7264, stack(0x0000000029f40000,0x000000002a040000)]
  0x00000000255f1000 JavaThread "Execution worker for ':' Thread 3" [_thread_blocked, id=13020, stack(0x0000000029e40000,0x0000000029f40000)]
  0x00000000255f0000 JavaThread "Execution worker for ':' Thread 2" [_thread_blocked, id=12324, stack(0x0000000029d40000,0x0000000029e40000)]
  0x00000000255f6000 JavaThread "Execution worker for ':'" [_thread_in_Java, id=1588, stack(0x0000000029a00000,0x0000000029b00000)]
  0x00000000255f4800 JavaThread "Cache worker for file content cache (C:\Users\31760\AndroidStudioProjects\BigBlackBox\.gradle\6.1.1\fileContent)" [_thread_blocked, id=12372, stack(0x0000000029c40000,0x0000000029d40000)]
  0x00000000255f2800 JavaThread "Cache worker for file content cache (C:\Users\31760\.gradle\caches\6.1.1\fileContent)" [_thread_blocked, id=2220, stack(0x0000000029b40000,0x0000000029c40000)]
  0x00000000255f1800 JavaThread "Memory manager" [_thread_blocked, id=3720, stack(0x00000000290d0000,0x00000000291d0000)]
  0x00000000255f3000 JavaThread "Cache worker for Build Output Cleanup Cache (C:\Users\31760\AndroidStudioProjects\BigBlackBox\.gradle\buildOutputCleanup)" [_thread_blocked, id=13836, stack(0x0000000028fd0000,0x00000000290d0000)]
  0x00000000255ef800 JavaThread "Build operations Thread 8" [_thread_blocked, id=260, stack(0x00000000264a0000,0x00000000265a0000)]
  0x000000001ce36000 JavaThread "Build operations Thread 7" [_thread_blocked, id=3636, stack(0x0000000025fa0000,0x00000000260a0000)]
  0x000000001ce37000 JavaThread "Build operations Thread 6" [_thread_blocked, id=3136, stack(0x0000000025ea0000,0x0000000025fa0000)]
  0x000000001ce32000 JavaThread "Build operations Thread 5" [_thread_blocked, id=3956, stack(0x0000000025da0000,0x0000000025ea0000)]
  0x000000001ce34000 JavaThread "Build operations Thread 4" [_thread_blocked, id=4480, stack(0x0000000025ca0000,0x0000000025da0000)]
  0x00000000206fc000 JavaThread "Build operations Thread 3" [_thread_blocked, id=5704, stack(0x0000000025ba0000,0x0000000025ca0000)]
  0x00000000206f4800 JavaThread "Build operations Thread 2" [_thread_blocked, id=16460, stack(0x0000000025aa0000,0x0000000025ba0000)]
  0x00000000206fa800 JavaThread "Build operations" [_thread_blocked, id=11576, stack(0x0000000024920000,0x0000000024a20000)]
  0x00000000206fb800 JavaThread "Cache worker for cache directory md-rule (C:\Users\31760\.gradle\caches\6.1.1\md-rule)" [_thread_blocked, id=5632, stack(0x0000000024820000,0x0000000024920000)]
  0x00000000206f3000 JavaThread "Cache worker for cache directory md-supplier (C:\Users\31760\.gradle\caches\6.1.1\md-supplier)" [_thread_blocked, id=15628, stack(0x00000000223b0000,0x00000000224b0000)]
  0x00000000206f9000 JavaThread "Cache worker for file hash cache (C:\Users\31760\AndroidStudioProjects\BigBlackBox\.gradle\6.1.1\fileHashes)" [_thread_blocked, id=8004, stack(0x00000000222b0000,0x00000000223b0000)]
  0x00000000206f8800 JavaThread "Cache worker for checksums cache (C:\Users\31760\AndroidStudioProjects\BigBlackBox\.gradle\checksums)" [_thread_blocked, id=13304, stack(0x0000000021170000,0x0000000021270000)]
  0x00000000206ee800 JavaThread "Thread-32" [_thread_blocked, id=10856, stack(0x0000000021070000,0x0000000021170000)]
  0x00000000206f5800 JavaThread "Stdin handler" [_thread_blocked, id=2900, stack(0x000000001e6d0000,0x000000001e7d0000)]
  0x00000000206f1800 JavaThread "Asynchronous log dispatcher for DefaultDaemonConnection: socket connection from /127.0.0.1:7388 to /127.0.0.1:7884" [_thread_blocked, id=12940, stack(0x000000001e3d0000,0x000000001e4d0000)]
  0x00000000206ef800 JavaThread "Daemon worker Thread 2" [_thread_blocked, id=12120, stack(0x000000001ded0000,0x000000001dfd0000)]
  0x00000000206ed000 JavaThread "Cancel handler" [_thread_blocked, id=3016, stack(0x0000000001550000,0x0000000001650000)]
  0x00000000206f4000 JavaThread "Handler for socket connection from /127.0.0.1:7388 to /127.0.0.1:7884" [_thread_in_native, id=3744, stack(0x0000000001410000,0x0000000001510000)]
  0x00000000206f0000 JavaThread "Daemon Thread 2" [_thread_blocked, id=3840, stack(0x0000000001310000,0x0000000001410000)]
  0x000000001ce37800 JavaThread "Cache worker for execution history cache (C:\Users\31760\.gradle\caches\6.1.1\executionHistory)" [_thread_blocked, id=2016, stack(0x00000000224b0000,0x00000000225b0000)]
  0x000000001ce39000 JavaThread "Cache worker for file hash cache (C:\Users\31760\.gradle\caches\6.1.1\fileHashes)" [_thread_blocked, id=9592, stack(0x000000001ebd0000,0x000000001ecd0000)]
  0x000000001ce38800 JavaThread "File lock request listener" [_thread_in_native, id=1564, stack(0x000000001ead0000,0x000000001ebd0000)]
  0x000000001ce63000 JavaThread "Cache worker for journal cache (C:\Users\31760\.gradle\caches\journal-1)" [_thread_blocked, id=7392, stack(0x000000001e9d0000,0x000000001ead0000)]
  0x000000001cce3800 JavaThread "Daemon periodic checks" [_thread_blocked, id=3316, stack(0x000000001ddd0000,0x000000001ded0000)]
  0x000000001cce2000 JavaThread "Incoming local TCP Connector on port 7388" [_thread_in_native, id=13856, stack(0x000000001dc20000,0x000000001dd20000)]
  0x000000001b267000 JavaThread "Daemon health stats" [_thread_blocked, id=1548, stack(0x000000001db00000,0x000000001dc00000)]
  0x000000001a406800 JavaThread "Service Thread" daemon [_thread_blocked, id=1212, stack(0x000000001af60000,0x000000001b060000)]
  0x000000001850c000 JavaThread "C1 CompilerThread3" daemon [_thread_in_vm, id=14436, stack(0x000000001ae60000,0x000000001af60000)]
  0x000000001a331800 JavaThread "C2 CompilerThread2" daemon [_thread_in_native, id=16760, stack(0x000000001ad60000,0x000000001ae60000)]
=>0x000000001a330800 JavaThread "C2 CompilerThread1" daemon [_thread_in_native, id=13504, stack(0x000000001ac60000,0x000000001ad60000)]
  0x000000001a32d800 JavaThread "C2 CompilerThread0" daemon [_thread_blocked, id=13108, stack(0x000000001ab60000,0x000000001ac60000)]
  0x000000001a32b800 JavaThread "Attach Listener" daemon [_thread_blocked, id=7352, stack(0x000000001aa60000,0x000000001ab60000)]
  0x000000001a387000 JavaThread "Signal Dispatcher" daemon [_thread_blocked, id=5780, stack(0x000000001a960000,0x000000001aa60000)]
  0x000000000345d800 JavaThread "Finalizer" daemon [_thread_blocked, id=16872, stack(0x000000001a7f0000,0x000000001a8f0000)]
  0x00000000184fc800 JavaThread "Reference Handler" daemon [_thread_blocked, id=13028, stack(0x000000001a6f0000,0x000000001a7f0000)]
  0x0000000002fee000 JavaThread "main" [_thread_blocked, id=14536, stack(0x0000000002ed0000,0x0000000002fd0000)]

Other Threads:
  0x00000000184f8000 VMThread [stack: 0x000000001a1f0000,0x000000001a2f0000] [id=2132]
  0x000000001a408800 WatcherThread [stack: 0x000000001b060000,0x000000001b160000] [id=8676]

VM state:not at safepoint (normal execution)

VM Mutex/Monitor currently owned by a thread: None

heap address: 0x0000000080000000, size: 2048 MB, Compressed Oops mode: 32-bit
Narrow klass base: 0x0000000000000000, Narrow klass shift: 3
Compressed class space size: 1073741824 Address: 0x0000000100000000

Heap:
 PSYoungGen      total 246784K, used 105306K [0x00000000d5580000, 0x00000000e7e80000, 0x0000000100000000)
  eden space 217088K, 38% used [0x00000000d5580000,0x00000000da643248,0x00000000e2980000)
  from space 29696K, 76% used [0x00000000e2980000,0x00000000e3f93710,0x00000000e4680000)
  to   space 31744K, 0% used [0x00000000e5f80000,0x00000000e5f80000,0x00000000e7e80000)
 ParOldGen       total 210944K, used 59824K [0x0000000080000000, 0x000000008ce00000, 0x00000000d5580000)
  object space 210944K, 28% used [0x0000000080000000,0x0000000083a6c178,0x000000008ce00000)
 Metaspace       used 107491K, capacity 113056K, committed 113304K, reserved 1146880K
  class space    used 14091K, capacity 15162K, committed 15256K, reserved 1048576K

Card table byte_map: [0x0000000012820000,0x0000000012c30000] byte_map_base: 0x0000000012420000

Marking Bits: (ParMarkBitMap*) 0x00000000761bf030
 Begin Bits: [0x00000000136e0000, 0x00000000156e0000)
 End Bits:   [0x00000000156e0000, 0x00000000176e0000)

Polling page: 0x0000000002fd0000

CodeCache: size=245760Kb used=47481Kb max_used=47481Kb free=198278Kb
 bounds [0x0000000003460000, 0x00000000062f0000, 0x0000000012460000]
 total_blobs=15371 nmethods=14316 adapters=965
 compilation: enabled

Compilation events (10 events):
Event: 953.003 Thread 0x000000001850c000 nmethod 16688 0x00000000062a0e90 code [0x00000000062a1000, 0x00000000062a12e8]
Event: 953.003 Thread 0x000000001850c000 16689       3       com.android.tools.r8.ir.optimize.d0::a (19 bytes)
Event: 953.003 Thread 0x000000001850c000 nmethod 16689 0x00000000062a13d0 code [0x00000000062a1540, 0x00000000062a1818]
Event: 953.003 Thread 0x000000001850c000 16720       3       com.android.tools.r8.ir.conversion.N::a (721 bytes)
Event: 953.006 Thread 0x000000001850c000 nmethod 16720 0x00000000062a1910 code [0x00000000062a1d60, 0x00000000062a4238]
Event: 953.006 Thread 0x000000001850c000 16722       3       com.android.tools.r8.ir.conversion.N::a (128 bytes)
Event: 953.008 Thread 0x000000001850c000 nmethod 16722 0x00000000062a5510 code [0x00000000062a5760, 0x00000000062a65a8]
Event: 953.008 Thread 0x000000001850c000 16721       3       com.android.tools.r8.r.n.A::a (552 bytes)
Event: 953.018 Thread 0x000000001850c000 nmethod 16721 0x00000000062a6dd0 code [0x00000000062a7400, 0x00000000062ab478]
Event: 953.018 Thread 0x000000001850c000 16727       3       com.android.tools.r8.ir.optimize.Z::a (406 bytes)

GC Heap History (10 events):
Event: 945.484 GC heap before
{Heap before GC invocations=19 (full 3):
 PSYoungGen      total 226304K, used 226281K [0x00000000d5580000, 0x00000000e7580000, 0x0000000100000000)
  eden space 202240K, 100% used [0x00000000d5580000,0x00000000e1b00000,0x00000000e1b00000)
  from space 24064K, 99% used [0x00000000e1b00000,0x00000000e327a670,0x00000000e3280000)
  to   space 32768K, 0% used [0x00000000e5580000,0x00000000e5580000,0x00000000e7580000)
 ParOldGen       total 133120K, used 54463K [0x0000000080000000, 0x0000000088200000, 0x00000000d5580000)
  object space 133120K, 40% used [0x0000000080000000,0x000000008352fcd0,0x0000000088200000)
 Metaspace       used 92022K, capacity 96502K, committed 96664K, reserved 1132544K
  class space    used 12030K, capacity 12899K, committed 12952K, reserved 1048576K
Event: 945.513 GC heap after
Heap after GC invocations=19 (full 3):
 PSYoungGen      total 207872K, used 12144K [0x00000000d5580000, 0x00000000e6180000, 0x0000000100000000)
  eden space 195584K, 0% used [0x00000000d5580000,0x00000000d5580000,0x00000000e1480000)
  from space 12288K, 98% used [0x00000000e5580000,0x00000000e615c230,0x00000000e6180000)
  to   space 31232K, 0% used [0x00000000e2480000,0x00000000e2480000,0x00000000e4300000)
 ParOldGen       total 133120K, used 72801K [0x0000000080000000, 0x0000000088200000, 0x00000000d5580000)
  object space 133120K, 54% used [0x0000000080000000,0x0000000084718418,0x0000000088200000)
 Metaspace       used 92022K, capacity 96502K, committed 96664K, reserved 1132544K
  class space    used 12030K, capacity 12899K, committed 12952K, reserved 1048576K
}
Event: 947.046 GC heap before
{Heap before GC invocations=20 (full 3):
 PSYoungGen      total 207872K, used 207728K [0x00000000d5580000, 0x00000000e6180000, 0x0000000100000000)
  eden space 195584K, 100% used [0x00000000d5580000,0x00000000e1480000,0x00000000e1480000)
  from space 12288K, 98% used [0x00000000e5580000,0x00000000e615c230,0x00000000e6180000)
  to   space 31232K, 0% used [0x00000000e2480000,0x00000000e2480000,0x00000000e4300000)
 ParOldGen       total 133120K, used 72801K [0x0000000080000000, 0x0000000088200000, 0x00000000d5580000)
  object space 133120K, 54% used [0x0000000080000000,0x0000000084718418,0x0000000088200000)
 Metaspace       used 92334K, capacity 96886K, committed 97048K, reserved 1132544K
  class space    used 12056K, capacity 12963K, committed 13080K, reserved 1048576K
Event: 947.077 GC heap after
Heap after GC invocations=20 (full 3):
 PSYoungGen      total 243200K, used 7504K [0x00000000d5580000, 0x00000000e6480000, 0x0000000100000000)
  eden space 211968K, 0% used [0x00000000d5580000,0x00000000d5580000,0x00000000e2480000)
  from space 31232K, 24% used [0x00000000e2480000,0x00000000e2bd4280,0x00000000e4300000)
  to   space 30720K, 0% used [0x00000000e4680000,0x00000000e4680000,0x00000000e6480000)
 ParOldGen       total 133120K, used 72809K [0x0000000080000000, 0x0000000088200000, 0x00000000d5580000)
  object space 133120K, 54% used [0x0000000080000000,0x000000008471a418,0x0000000088200000)
 Metaspace       used 92334K, capacity 96886K, committed 97048K, reserved 1132544K
  class space    used 12056K, capacity 12963K, committed 13080K, reserved 1048576K
}
Event: 948.525 GC heap before
{Heap before GC invocations=21 (full 3):
 PSYoungGen      total 243200K, used 52435K [0x00000000d5580000, 0x00000000e6480000, 0x0000000100000000)
  eden space 211968K, 21% used [0x00000000d5580000,0x00000000d8160c60,0x00000000e2480000)
  from space 31232K, 24% used [0x00000000e2480000,0x00000000e2bd4280,0x00000000e4300000)
  to   space 30720K, 0% used [0x00000000e4680000,0x00000000e4680000,0x00000000e6480000)
 ParOldGen       total 133120K, used 72809K [0x0000000080000000, 0x0000000088200000, 0x00000000d5580000)
  object space 133120K, 54% used [0x0000000080000000,0x000000008471a418,0x0000000088200000)
 Metaspace       used 93998K, capacity 98544K, committed 98600K, reserved 1134592K
  class space    used 12293K, capacity 13204K, committed 13208K, reserved 1048576K
Event: 948.534 GC heap after
Heap after GC invocations=21 (full 3):
 PSYoungGen      total 247808K, used 7600K [0x00000000d5580000, 0x00000000e7200000, 0x0000000100000000)
  eden space 217088K, 0% used [0x00000000d5580000,0x00000000d5580000,0x00000000e2980000)
  from space 30720K, 24% used [0x00000000e4680000,0x00000000e4dec310,0x00000000e6480000)
  to   space 29696K, 0% used [0x00000000e2980000,0x00000000e2980000,0x00000000e4680000)
 ParOldGen       total 133120K, used 72817K [0x0000000080000000, 0x0000000088200000, 0x00000000d5580000)
  object space 133120K, 54% used [0x0000000080000000,0x000000008471c418,0x0000000088200000)
 Metaspace       used 93998K, capacity 98544K, committed 98600K, reserved 1134592K
  class space    used 12293K, capacity 13204K, committed 13208K, reserved 1048576K
}
Event: 948.534 GC heap before
{Heap before GC invocations=22 (full 4):
 PSYoungGen      total 247808K, used 7600K [0x00000000d5580000, 0x00000000e7200000, 0x0000000100000000)
  eden space 217088K, 0% used [0x00000000d5580000,0x00000000d5580000,0x00000000e2980000)
  from space 30720K, 24% used [0x00000000e4680000,0x00000000e4dec310,0x00000000e6480000)
  to   space 29696K, 0% used [0x00000000e2980000,0x00000000e2980000,0x00000000e4680000)
 ParOldGen       total 133120K, used 72817K [0x0000000080000000, 0x0000000088200000, 0x00000000d5580000)
  object space 133120K, 54% used [0x0000000080000000,0x000000008471c418,0x0000000088200000)
 Metaspace       used 93998K, capacity 98544K, committed 98600K, reserved 1134592K
  class space    used 12293K, capacity 13204K, committed 13208K, reserved 1048576K
Event: 948.814 GC heap after
Heap after GC invocations=22 (full 4):
 PSYoungGen      total 247808K, used 0K [0x00000000d5580000, 0x00000000e7200000, 0x0000000100000000)
  eden space 217088K, 0% used [0x00000000d5580000,0x00000000d5580000,0x00000000e2980000)
  from space 30720K, 0% used [0x00000000e4680000,0x00000000e4680000,0x00000000e6480000)
  to   space 29696K, 0% used [0x00000000e2980000,0x00000000e2980000,0x00000000e4680000)
 ParOldGen       total 210944K, used 59816K [0x0000000080000000, 0x000000008ce00000, 0x00000000d5580000)
  object space 210944K, 28% used [0x0000000080000000,0x0000000083a6a178,0x000000008ce00000)
 Metaspace       used 93623K, capacity 97464K, committed 98600K, reserved 1134592K
  class space    used 12170K, capacity 12988K, committed 13208K, reserved 1048576K
}
Event: 952.144 GC heap before
{Heap before GC invocations=23 (full 4):
 PSYoungGen      total 247808K, used 217088K [0x00000000d5580000, 0x00000000e7200000, 0x0000000100000000)
  eden space 217088K, 100% used [0x00000000d5580000,0x00000000e2980000,0x00000000e2980000)
  from space 30720K, 0% used [0x00000000e4680000,0x00000000e4680000,0x00000000e6480000)
  to   space 29696K, 0% used [0x00000000e2980000,0x00000000e2980000,0x00000000e4680000)
 ParOldGen       total 210944K, used 59816K [0x0000000080000000, 0x000000008ce00000, 0x00000000d5580000)
  object space 210944K, 28% used [0x0000000080000000,0x0000000083a6a178,0x000000008ce00000)
 Metaspace       used 106252K, capacity 111794K, committed 112152K, reserved 1146880K
  class space    used 13953K, capacity 15017K, committed 15128K, reserved 1048576K
Event: 952.167 GC heap after
Heap after GC invocations=23 (full 4):
 PSYoungGen      total 246784K, used 22605K [0x00000000d5580000, 0x00000000e7e80000, 0x0000000100000000)
  eden space 217088K, 0% used [0x00000000d5580000,0x00000000d5580000,0x00000000e2980000)
  from space 29696K, 76% used [0x00000000e2980000,0x00000000e3f93710,0x00000000e4680000)
  to   space 31744K, 0% used [0x00000000e5f80000,0x00000000e5f80000,0x00000000e7e80000)
 ParOldGen       total 210944K, used 59824K [0x0000000080000000, 0x000000008ce00000, 0x00000000d5580000)
  object space 210944K, 28% used [0x0000000080000000,0x0000000083a6c178,0x000000008ce00000)
 Metaspace       used 106252K, capacity 111794K, committed 112152K, reserved 1146880K
  class space    used 13953K, capacity 15017K, committed 15128K, reserved 1048576K
}

Deoptimization events (10 events):
Event: 952.847 Thread 0x00000000255f6000 Uncommon trap: reason=bimorphic action=maybe_recompile pc=0x00000000059f0270 method=com.android.tools.r8.ir.analysis.type.u.t()Z @ 36
Event: 952.854 Thread 0x00000000255f6000 Uncommon trap: reason=class_check action=maybe_recompile pc=0x000000000611d9c8 method=com.android.tools.r8.ir.analysis.type.t.a(Lcom/android/tools/r8/u/b/m1;Lcom/android/tools/r8/ir/analysis/type/u;)V @ 179
Event: 952.854 Thread 0x00000000255f6000 Uncommon trap: reason=class_check action=maybe_recompile pc=0x000000000611d9c8 method=com.android.tools.r8.ir.analysis.type.t.a(Lcom/android/tools/r8/u/b/m1;Lcom/android/tools/r8/ir/analysis/type/u;)V @ 179
Event: 952.886 Thread 0x00000000255f6000 Uncommon trap: reason=bimorphic action=maybe_recompile pc=0x00000000055a7374 method=com.android.tools.r8.u.b.o1.a(Lcom/android/tools/r8/ir/analysis/type/u;)Lcom/android/tools/r8/u/b/o1; @ 23
Event: 952.886 Thread 0x00000000255f6000 Uncommon trap: reason=bimorphic action=maybe_recompile pc=0x00000000055a7374 method=com.android.tools.r8.u.b.o1.a(Lcom/android/tools/r8/ir/analysis/type/u;)Lcom/android/tools/r8/u/b/o1; @ 23
Event: 952.886 Thread 0x00000000255f6000 Uncommon trap: reason=bimorphic action=maybe_recompile pc=0x000000000611ec44 method=com.android.tools.r8.u.b.o1.a(Lcom/android/tools/r8/ir/analysis/type/u;)Lcom/android/tools/r8/u/b/o1; @ 23
Event: 952.888 Thread 0x00000000255f6000 Uncommon trap: reason=unstable_if action=reinterpret pc=0x0000000005fe35ac method=com.android.tools.r8.u.b.o1.b()Z @ 11
Event: 952.889 Thread 0x00000000255f6000 Uncommon trap: reason=bimorphic action=maybe_recompile pc=0x00000000059ea754 method=com.android.tools.r8.u.b.o1.a(Lcom/android/tools/r8/ir/analysis/type/u;)Lcom/android/tools/r8/u/b/o1; @ 23
Event: 952.892 Thread 0x00000000255f6000 Uncommon trap: reason=unstable_if action=reinterpret pc=0x0000000006233e9c method=com.android.tools.r8.ir.regalloc.b.c(I)Lcom/android/tools/r8/ir/regalloc/b; @ 132
Event: 952.969 Thread 0x00000000255f8800 Uncommon trap: reason=class_check action=maybe_recompile pc=0x000000000611d9c8 method=com.android.tools.r8.ir.analysis.type.t.a(Lcom/android/tools/r8/u/b/m1;Lcom/android/tools/r8/ir/analysis/type/u;)V @ 179

Classes redefined (0 events):
No events

Internal exceptions (10 events):
Event: 951.836 Thread 0x00000000254fb800 Exception <a 'sun/nio/fs/WindowsException'> (0x00000000e0c2ffc8) thrown at [C:\src\AOSP-openjdk-git\hotspot\src\share\vm\prims\jni.cpp, line 710]
Event: 951.836 Thread 0x00000000254fb800 Exception <a 'sun/nio/fs/WindowsException'> (0x00000000e0c30508) thrown at [C:\src\AOSP-openjdk-git\hotspot\src\share\vm\prims\jni.cpp, line 710]
Event: 951.836 Thread 0x00000000254fb800 Exception <a 'sun/nio/fs/WindowsException'> (0x00000000e0c31330) thrown at [C:\src\AOSP-openjdk-git\hotspot\src\share\vm\prims\jni.cpp, line 710]
Event: 951.836 Thread 0x00000000254fb800 Exception <a 'sun/nio/fs/WindowsException'> (0x00000000e0c31860) thrown at [C:\src\AOSP-openjdk-git\hotspot\src\share\vm\prims\jni.cpp, line 710]
Event: 951.836 Thread 0x00000000254fb800 Exception <a 'sun/nio/fs/WindowsException'> (0x00000000e0c32678) thrown at [C:\src\AOSP-openjdk-git\hotspot\src\share\vm\prims\jni.cpp, line 710]
Event: 951.849 Thread 0x00000000254fb800 Exception <a 'sun/nio/fs/WindowsException'> (0x00000000e0c86068) thrown at [C:\src\AOSP-openjdk-git\hotspot\src\share\vm\prims\jni.cpp, line 710]
Event: 951.852 Thread 0x00000000254fb800 Exception <a 'sun/nio/fs/WindowsException'> (0x00000000e0c8ca10) thrown at [C:\src\AOSP-openjdk-git\hotspot\src\share\vm\prims\jni.cpp, line 710]
Event: 951.854 Thread 0x00000000254fb800 Exception <a 'sun/nio/fs/WindowsException'> (0x00000000e0c94290) thrown at [C:\src\AOSP-openjdk-git\hotspot\src\share\vm\prims\jni.cpp, line 710]
Event: 952.080 Thread 0x00000000255f6000 Exception <a 'sun/nio/fs/WindowsException'> (0x00000000e1de0ef0) thrown at [C:\src\AOSP-openjdk-git\hotspot\src\share\vm\prims\jni.cpp, line 710]
Event: 952.108 Thread 0x00000000255f8800 Exception <a 'sun/nio/fs/WindowsException'> (0x00000000e2273600) thrown at [C:\src\AOSP-openjdk-git\hotspot\src\share\vm\prims\jni.cpp, line 710]

Events (10 events):
Event: 952.909 loading class com/android/tools/r8/v/a/a/a/f/A done
Event: 952.909 loading class com/android/tools/r8/v/a/a/a/f/t
Event: 952.909 loading class com/android/tools/r8/v/a/a/a/f/t done
Event: 952.913 loading class java/util/IdentityHashMap$1
Event: 952.914 loading class java/util/IdentityHashMap$1 done
Event: 952.918 Executing VM operation: ForceSafepoint
Event: 952.919 Executing VM operation: ForceSafepoint done
Event: 952.969 Thread 0x00000000255f8800 Uncommon trap: trap_request=0xffffffde fr.pc=0x000000000611d9c8
Event: 952.969 Thread 0x00000000255f8800 DEOPT PACKING pc=0x000000000611d9c8 sp=0x000000002a33a040
Event: 952.969 Thread 0x00000000255f8800 DEOPT UNPACKING pc=0x00000000034a557b sp=0x000000002a33a010 mode 2


Dynamic libraries:
0x00007ff7e4480000 - 0x00007ff7e44b1000 	E:\Android Studio\jre\bin\java.exe
0x00007ffba0c00000 - 0x00007ffba0df0000 	C:\WINDOWS\SYSTEM32\ntdll.dll
0x00007ffb9ed10000 - 0x00007ffb9edc2000 	C:\WINDOWS\System32\KERNEL32.DLL
0x00007ffb9e0a0000 - 0x00007ffb9e345000 	C:\WINDOWS\System32\KERNELBASE.dll
0x00007ffb9f600000 - 0x00007ffb9f6a3000 	C:\WINDOWS\System32\ADVAPI32.dll
0x00007ffb9f200000 - 0x00007ffb9f29e000 	C:\WINDOWS\System32\msvcrt.dll
0x00007ffb9ff10000 - 0x00007ffb9ffa7000 	C:\WINDOWS\System32\sechost.dll
0x00007ffb9fd40000 - 0x00007ffb9fe60000 	C:\WINDOWS\System32\RPCRT4.dll
0x00007ffb9fb90000 - 0x00007ffb9fd24000 	C:\WINDOWS\System32\USER32.dll
0x00007ffb9ddb0000 - 0x00007ffb9ddd1000 	C:\WINDOWS\System32\win32u.dll
0x00007ffb9ffb0000 - 0x00007ffb9ffd6000 	C:\WINDOWS\System32\GDI32.dll
0x00007ffb9dc10000 - 0x00007ffb9dda6000 	C:\WINDOWS\System32\gdi32full.dll
0x00007ffb9db70000 - 0x00007ffb9dc0e000 	C:\WINDOWS\System32\msvcp_win.dll
0x00007ffb9dfa0000 - 0x00007ffb9e09a000 	C:\WINDOWS\System32\ucrtbase.dll
0x00007ffb87270000 - 0x00007ffb874f4000 	C:\WINDOWS\WinSxS\amd64_microsoft.windows.common-controls_6595b64144ccf1df_6.0.18362.1256_none_9e7e379be45e40e2\COMCTL32.dll
0x00007ffba00e0000 - 0x00007ffba0416000 	C:\WINDOWS\System32\combase.dll
0x00007ffb9df10000 - 0x00007ffb9df91000 	C:\WINDOWS\System32\bcryptPrimitives.dll
0x00007ffba00b0000 - 0x00007ffba00de000 	C:\WINDOWS\System32\IMM32.DLL
0x0000000077490000 - 0x0000000077562000 	E:\Android Studio\jre\jre\bin\msvcr100.dll
0x00000000759f0000 - 0x000000007623b000 	E:\Android Studio\jre\jre\bin\server\jvm.dll
0x00007ffb9f090000 - 0x00007ffb9f098000 	C:\WINDOWS\System32\PSAPI.DLL
0x00007ffb783b0000 - 0x00007ffb783b9000 	C:\WINDOWS\SYSTEM32\WSOCK32.dll
0x00007ffb9ca70000 - 0x00007ffb9ca7a000 	C:\WINDOWS\SYSTEM32\VERSION.dll
0x00007ffb99fc0000 - 0x00007ffb99fe4000 	C:\WINDOWS\SYSTEM32\WINMM.dll
0x00007ffb9f6b0000 - 0x00007ffb9f71f000 	C:\WINDOWS\System32\WS2_32.dll
0x00007ffb99f90000 - 0x00007ffb99fbd000 	C:\WINDOWS\SYSTEM32\WINMMBASE.dll
0x00007ffb9ec60000 - 0x00007ffb9ecaa000 	C:\WINDOWS\System32\cfgmgr32.dll
0x00007ffb99c90000 - 0x00007ffb99c9f000 	E:\Android Studio\jre\jre\bin\verify.dll
0x00007ffb96b10000 - 0x00007ffb96b39000 	E:\Android Studio\jre\jre\bin\java.dll
0x00007ffb96af0000 - 0x00007ffb96b06000 	E:\Android Studio\jre\jre\bin\zip.dll
0x00007ffba0420000 - 0x00007ffba0b07000 	C:\WINDOWS\System32\SHELL32.dll
0x00007ffb9fe60000 - 0x00007ffb9ff09000 	C:\WINDOWS\System32\shcore.dll
0x00007ffb9e4d0000 - 0x00007ffb9ec51000 	C:\WINDOWS\System32\windows.storage.dll
0x00007ffb9daf0000 - 0x00007ffb9db13000 	C:\WINDOWS\System32\profapi.dll
0x00007ffb9db20000 - 0x00007ffb9db6a000 	C:\WINDOWS\System32\powrprof.dll
0x00007ffb9daa0000 - 0x00007ffb9dab0000 	C:\WINDOWS\System32\UMPDC.dll
0x00007ffb9ecb0000 - 0x00007ffb9ed02000 	C:\WINDOWS\System32\shlwapi.dll
0x00007ffb9dad0000 - 0x00007ffb9dae1000 	C:\WINDOWS\System32\kernel.appcore.dll
0x00007ffb9de90000 - 0x00007ffb9dea7000 	C:\WINDOWS\System32\cryptsp.dll
0x00007ffb96220000 - 0x00007ffb9623a000 	E:\Android Studio\jre\jre\bin\net.dll
0x00007ffb9d290000 - 0x00007ffb9d2f7000 	C:\WINDOWS\system32\mswsock.dll
0x00007ffb90630000 - 0x00007ffb90643000 	E:\Android Studio\jre\jre\bin\nio.dll
0x00007ffb97bb0000 - 0x00007ffb97bd6000 	C:\Users\31760\.gradle\native\31\windows-amd64\native-platform.dll
0x00007ffb99c10000 - 0x00007ffb99c1d000 	E:\Android Studio\jre\jre\bin\management.dll
0x00007ffb9ce00000 - 0x00007ffb9ce33000 	C:\WINDOWS\system32\rsaenh.dll
0x00007ffb9e4a0000 - 0x00007ffb9e4c6000 	C:\WINDOWS\System32\bcrypt.dll
0x00007ffb9d9c0000 - 0x00007ffb9d9e5000 	C:\WINDOWS\SYSTEM32\USERENV.dll
0x00007ffb9d460000 - 0x00007ffb9d46c000 	C:\WINDOWS\SYSTEM32\CRYPTBASE.dll
0x00007ffb9cfa0000 - 0x00007ffb9cfda000 	C:\WINDOWS\SYSTEM32\IPHLPAPI.DLL
0x00007ffb9fd30000 - 0x00007ffb9fd38000 	C:\WINDOWS\System32\NSI.dll
0x00007ffb8f330000 - 0x00007ffb8f346000 	C:\WINDOWS\SYSTEM32\dhcpcsvc6.DLL
0x00007ffb8f310000 - 0x00007ffb8f32c000 	C:\WINDOWS\SYSTEM32\dhcpcsvc.DLL
0x00007ffb9cfe0000 - 0x00007ffb9d0ab000 	C:\WINDOWS\SYSTEM32\DNSAPI.dll
0x00007ffb86450000 - 0x00007ffb86474000 	E:\Android Studio\jre\jre\bin\sunec.dll
0x00007ffb88040000 - 0x00007ffb8804a000 	C:\Windows\System32\rasadhlp.dll
0x00007ffb8d720000 - 0x00007ffb8d797000 	C:\WINDOWS\System32\fwpuclnt.dll
0x00007ffb97c60000 - 0x00007ffb97c6b000 	E:\Android Studio\jre\jre\bin\sunmscapi.dll
0x00007ffb9e350000 - 0x00007ffb9e499000 	C:\WINDOWS\System32\CRYPT32.dll
0x00007ffb9dab0000 - 0x00007ffb9dac2000 	C:\WINDOWS\System32\MSASN1.dll
0x00007ffb60a40000 - 0x00007ffb60bdc000 	E:\Android Studio\jre\jre\bin\awt.dll
0x00007ffb9ffe0000 - 0x00007ffba00a5000 	C:\WINDOWS\System32\OLEAUT32.dll
0x00007ffb9bab0000 - 0x00007ffb9badd000 	C:\WINDOWS\SYSTEM32\dwmapi.dll
0x00007ffb9a0d0000 - 0x00007ffb9a690000 	C:\WINDOWS\SYSTEM32\d2d1.dll
0x00007ffb9b580000 - 0x00007ffb9b60f000 	C:\WINDOWS\SYSTEM32\apphelp.dll
0x00007ffb9b680000 - 0x00007ffb9b719000 	C:\WINDOWS\system32\uxtheme.dll
0x00007ffb9c9b0000 - 0x00007ffb9c9e1000 	C:\WINDOWS\SYSTEM32\ntmarta.dll

VM Arguments:
jvm_args: -Xmx2048m -Dfile.encoding=GBK -Duser.country=CN -Duser.language=zh -Duser.variant 
java_command: org.gradle.launcher.daemon.bootstrap.GradleDaemon 6.1.1
java_class_path (initial): C:\Users\31760\.gradle\wrapper\dists\gradle-6.1.1-all\cfmwm155h49vnt3hynmlrsdst\gradle-6.1.1\lib\gradle-launcher-6.1.1.jar
Launcher Type: SUN_STANDARD

Environment Variables:
JAVA_HOME=C:\Program Files\Java\jdk-11.0.2
JRE_HOME=C:\Program Files\Java\jre1.8.0_241
CLASSPATH=.;C:\Program Files\Java\jdk-11.0.2\lib;
PATH=C:\WINDOWS\system32;C:\WINDOWS;C:\WINDOWS\System32\Wbem;C:\WINDOWS\System32\WindowsPowerShell\v1.0\;C:\Program Files\Java\jdk-11.0.2\bin;E:\VMware\bin;E:\Rational Rose\common;E:\IDEA\bin;C:\Program Files (x86)\Intel\Intel(R) Management Engine Components\DAL;C:\Program Files\Intel\Intel(R) Management Engine Components\DAL;"C:\Users\31760\AppData\Local\Microsoft\WindowsApps;";
USERNAME=31760
OS=Windows_NT
PROCESSOR_IDENTIFIER=Intel64 Family 6 Model 142 Stepping 10, GenuineIntel



---------------  S Y S T E M  ---------------

OS: Windows 10.0 , 64 bit Build 18362 (10.0.18362.1110)

CPU:total 8 (initial active 8) (4 cores per cpu, 2 threads per core) family 6 model 142 stepping 10, cmov, cx8, fxsr, mmx, sse, sse2, sse3, ssse3, sse4.1, sse4.2, popcnt, avx, avx2, aes, clmul, erms, 3dnowpref, lzcnt, ht, tsc, tscinvbit, bmi1, bmi2, adx

Memory: 4k page, physical 8281304k(1204852k free), swap 9854168k(17764k free)

vm_info: OpenJDK 64-Bit Server VM (25.242-b01) for windows-amd64 JRE (1.8.0_242-release-1644-b01), built by "builder" with MS VC++ 10.0 (VS2010)

time: Sat Dec 26 17:28:33 2020
timezone: 中国标准时间
elapsed time: 953 seconds (0d 0h 15m 53s)

